<?xml version="1.0" encoding="utf-8"?><testsuites name="pytest tests"><testsuite name="pytest" errors="0" failures="0" skipped="0" tests="15" time="6.065" timestamp="2026-07-26T14:33:41.866465+00:00" hostname="agent-env-6b9f7e6d-68d9-42ff-b70a-7c9ed3b35506"><testcase classname="tests.test_iteration2_features" name="test_reservation_create_get_and_memory" time="0.840" /><testcase classname="tests.test_iteration2_features" name="test_reservation_cancel_status_update_and_table_free" time="0.670" /><testcase classname="tests.test_iteration2_features" name="test_reservation_customer_cannot_patch_status" time="0.200" /><testcase classname="tests.test_iteration2_features" name="test_menu_returns_14_items_and_5_categories" time="0.096" /><testcase classname="tests.test_iteration2_features" name="test_order_response_shape" time="0.255" /><testcase classname="tests.test_iteration2_features" name="test_order_get_by_id" time="0.100" /><testcase classname="tests.test_iteration2_features" name="test_order_status_advance_by_chef" time="0.645" /><testcase classname="tests.test_iteration2_features" name="test_bill_retrievable" time="0.128" /><testcase classname="tests.test_iteration2_features" name="test_voice_note_create_by_chef" time="0.107" /><testcase classname="tests.test_iteration2_features" name="test_voice_note_customer_forbidden" time="0.098" /><testcase classname="tests.test_iteration2_features" name="test_voice_note_list_public_sorted_desc" time="1.301" /><testcase classname="tests.test_iteration2_features" name="test_voice_note_size_guard" time="0.248" /><testcase classname="tests.test_iteration2_features" name="test_voice_note_notification_broadcast_to_customer" time="0.716" /><testcase classname="tests.test_iteration2_features" name="test_voice_note_customer_delete_forbidden" time="0.096" /><testcase classname="tests.test_iteration2_features" name="test_voice_note_chef_delete_ok" time="0.216" /></testsuite></testsuites>