<?xml version="1.0" encoding="utf-8"?><testsuites name="pytest tests"><testsuite name="pytest" errors="0" failures="0" skipped="0" tests="6" time="1.725" timestamp="2026-07-26T16:04:15.545421+00:00" hostname="agent-env-6b9f7e6d-68d9-42ff-b70a-7c9ed3b35506"><testcase classname="tests.test_iteration7_regression" name="test_pure_veg_menu_19_items" time="0.196" /><testcase classname="tests.test_iteration7_regression" name="test_search_paneer_cuisines" time="0.102" /><testcase classname="tests.test_iteration7_regression" name="test_search_italian" time="0.116" /><testcase classname="tests.test_iteration7_regression" name="test_reservation_owner_can_cancel" time="0.542" /><testcase classname="tests.test_iteration7_regression" name="test_auth_me_unauthenticated" time="0.103" /><testcase classname="tests.test_iteration7_regression" name="test_login_wrong_password" time="0.321" /></testsuite></testsuites>