<?xml version="1.0" encoding="utf-8"?><testsuites name="pytest tests"><testsuite name="pytest" errors="0" failures="0" skipped="0" tests="8" time="8.375" timestamp="2026-07-26T15:39:45.470490+00:00" hostname="agent-env-6b9f7e6d-68d9-42ff-b70a-7c9ed3b35506"><testcase classname="tests.test_iteration6_reservation" name="test_customer_can_cancel_own_reservation" time="0.590" /><testcase classname="tests.test_iteration6_reservation" name="test_customer_cannot_cancel_others_reservation" time="0.409" /><testcase classname="tests.test_iteration6_reservation" name="test_customer_cannot_seat_own_reservation" time="0.138" /><testcase classname="tests.test_iteration6_reservation" name="test_staff_can_seat_reservation_and_table_becomes_occupied" time="0.452" /><testcase classname="tests.test_iteration6_reservation" name="test_menu_pure_veg_regression" time="0.043" /><testcase classname="tests.test_iteration6_reservation" name="test_voice_notes_lifecycle_regression" time="0.455" /><testcase classname="tests.test_iteration6_reservation" name="test_order_flow_and_bill" time="0.576" /><testcase classname="tests.test_iteration6_reservation" name="test_ai_recommendations_only_veg" time="5.342" /></testsuite></testsuites>