<?xml version="1.0" encoding="utf-8"?><testsuites name="pytest tests"><testsuite name="pytest" errors="0" failures="1" skipped="0" tests="8" time="7.935" timestamp="2026-07-26T15:12:06.929676+00:00" hostname="agent-env-6b9f7e6d-68d9-42ff-b70a-7c9ed3b35506"><testcase classname="tests.test_pure_veg_iteration5" name="test_menu_is_exactly_19_pure_veg" time="0.171" /><testcase classname="tests.test_pure_veg_iteration5" name="test_no_forbidden_nonveg_tokens_in_menu" time="0.050" /><testcase classname="tests.test_pure_veg_iteration5" name="test_expected_key_veg_items_present" time="0.046" /><testcase classname="tests.test_pure_veg_iteration5" name="test_voice_notes_initially_empty" time="0.051" /><testcase classname="tests.test_pure_veg_iteration5" name="test_voice_notes_post_get_delete_lifecycle" time="0.469" /><testcase classname="tests.test_pure_veg_iteration5" name="test_ai_recommendations_only_veg" time="6.318" /><testcase classname="tests.test_pure_veg_iteration5" name="test_order_two_veg_items" time="0.367" /><testcase classname="tests.test_pure_veg_iteration5" name="test_reservation_create_and_cancel" time="0.093"><failure message="AssertionError: cancel failed: 403 {&quot;detail&quot;:&quot;Requires role: ('admin', 'staff')&quot;}&#10;assert 403 in (200, 204)&#10; +  where 403 = &lt;Response [403]&gt;.status_code">backend/tests/test_pure_veg_iteration5.py:167: in test_reservation_create_and_cancel
    assert r.status_code in (200, 204), f"cancel failed: {r.status_code} {r.text}"
E   AssertionError: cancel failed: 403 {"detail":"Requires role: ('admin', 'staff')"}
E   assert 403 in (200, 204)
E    +  where 403 = &lt;Response [403]&gt;.status_code</failure></testcase></testsuite></testsuites>