<?xml version="1.0" encoding="utf-8"?><testsuites name="pytest tests"><testsuite name="pytest" errors="0" failures="0" skipped="0" tests="9" time="1.246" timestamp="2026-07-27T07:59:22.030395+00:00" hostname="agent-env-6b9f7e6d-68d9-42ff-b70a-7c9ed3b35506"><testcase classname="tests.test_iteration12_menu" name="test_menu_has_37_items" time="0.200" /><testcase classname="tests.test_iteration12_menu" name="test_menu_five_categories" time="0.000" /><testcase classname="tests.test_iteration12_menu" name="test_all_items_are_veg" time="0.000" /><testcase classname="tests.test_iteration12_menu" name="test_no_banned_tokens" time="0.001" /><testcase classname="tests.test_iteration12_menu" name="test_required_new_items_present" time="0.000" /><testcase classname="tests.test_iteration12_menu" name="test_search_paneer" time="0.000" /><testcase classname="tests.test_iteration12_menu" name="test_search_italian" time="0.000" /><testcase classname="tests.test_iteration12_menu" name="test_search_indian" time="0.000" /><testcase classname="tests.test_iteration12_menu" name="test_demo_logins" time="0.997" /></testsuite></testsuites>