<?xml version="1.0" encoding="utf-8"?><testsuites name="pytest tests"><testsuite name="pytest" errors="0" failures="0" skipped="0" tests="23" time="18.172" timestamp="2026-07-26T11:26:09.499362+00:00" hostname="agent-env-6b9f7e6d-68d9-42ff-b70a-7c9ed3b35506"><testcase classname="tests.test_restaurant_api" name="test_health" time="0.144" /><testcase classname="tests.test_restaurant_api" name="test_menu_seed" time="0.056" /><testcase classname="tests.test_restaurant_api" name="test_tables_seed" time="0.050" /><testcase classname="tests.test_restaurant_api" name="test_signup_customer_default_role" time="0.287" /><testcase classname="tests.test_restaurant_api" name="test_owner_email_promoted_to_admin" time="0.326" /><testcase classname="tests.test_restaurant_api" name="test_login_demo_accounts" time="1.006" /><testcase classname="tests.test_restaurant_api" name="test_auth_me_no_token" time="0.059" /><testcase classname="tests.test_restaurant_api" name="test_rbac_customer_forbidden" time="0.126" /><testcase classname="tests.test_restaurant_api" name="test_rbac_admin_allowed" time="0.123" /><testcase classname="tests.test_restaurant_api" name="test_menu_crud_admin" time="0.290" /><testcase classname="tests.test_restaurant_api" name="test_order_bill_math" time="0.491" /><testcase classname="tests.test_restaurant_api" name="test_bill_persisted" time="0.065" /><testcase classname="tests.test_restaurant_api" name="test_inventory_decrement" time="0.065" /><testcase classname="tests.test_restaurant_api" name="test_order_status_flow_and_notifications" time="0.733" /><testcase classname="tests.test_restaurant_api" name="test_low_stock_admin_notification" time="0.053" /><testcase classname="tests.test_restaurant_api" name="test_reservation_flow" time="0.131" /><testcase classname="tests.test_restaurant_api" name="test_queue_flow" time="0.133" /><testcase classname="tests.test_restaurant_api" name="test_ai_recommendations" time="4.571" /><testcase classname="tests.test_restaurant_api" name="test_ai_weekly_insight" time="2.249" /><testcase classname="tests.test_restaurant_api" name="test_ai_forecast" time="2.990" /><testcase classname="tests.test_restaurant_api" name="test_ai_inventory_alerts" time="1.575" /><testcase classname="tests.test_restaurant_api" name="test_ai_chat_stream" time="2.137" /><testcase classname="tests.test_restaurant_api" name="test_analytics_summary_admin" time="0.148" /></testsuite></testsuites>