<?xml version="1.0" encoding="utf-8"?><testsuites name="pytest tests"><testsuite name="pytest" errors="0" failures="0" skipped="0" tests="23" time="21.786" timestamp="2026-07-26T14:33:52.197526+00:00" hostname="agent-env-6b9f7e6d-68d9-42ff-b70a-7c9ed3b35506"><testcase classname="tests.test_restaurant_api" name="test_health" time="0.119" /><testcase classname="tests.test_restaurant_api" name="test_menu_seed" time="0.048" /><testcase classname="tests.test_restaurant_api" name="test_tables_seed" time="0.045" /><testcase classname="tests.test_restaurant_api" name="test_signup_customer_default_role" time="0.288" /><testcase classname="tests.test_restaurant_api" name="test_owner_email_promoted_to_admin" time="0.316" /><testcase classname="tests.test_restaurant_api" name="test_login_demo_accounts" time="0.938" /><testcase classname="tests.test_restaurant_api" name="test_auth_me_no_token" time="0.042" /><testcase classname="tests.test_restaurant_api" name="test_rbac_customer_forbidden" time="0.091" /><testcase classname="tests.test_restaurant_api" name="test_rbac_admin_allowed" time="0.088" /><testcase classname="tests.test_restaurant_api" name="test_menu_crud_admin" time="0.231" /><testcase classname="tests.test_restaurant_api" name="test_order_bill_math" time="0.438" /><testcase classname="tests.test_restaurant_api" name="test_bill_persisted" time="0.047" /><testcase classname="tests.test_restaurant_api" name="test_inventory_decrement" time="0.050" /><testcase classname="tests.test_restaurant_api" name="test_order_status_flow_and_notifications" time="0.721" /><testcase classname="tests.test_restaurant_api" name="test_low_stock_admin_notification" time="0.044" /><testcase classname="tests.test_restaurant_api" name="test_reservation_flow" time="0.092" /><testcase classname="tests.test_restaurant_api" name="test_queue_flow" time="0.093" /><testcase classname="tests.test_restaurant_api" name="test_ai_recommendations" time="8.198" /><testcase classname="tests.test_restaurant_api" name="test_ai_weekly_insight" time="2.384" /><testcase classname="tests.test_restaurant_api" name="test_ai_forecast" time="3.645" /><testcase classname="tests.test_restaurant_api" name="test_ai_inventory_alerts" time="1.309" /><testcase classname="tests.test_restaurant_api" name="test_ai_chat_stream" time="2.105" /><testcase classname="tests.test_restaurant_api" name="test_analytics_summary_admin" time="0.132" /></testsuite></testsuites>